<?xml version="1.0" encoding="UTF-8"?>
<testsuite xmlns:xsi="http://www.w3.org/2001/XMLSchema-instance" xsi:noNamespaceSchemaLocation="https://maven.apache.org/surefire/maven-surefire-plugin/xsd/surefire-test-report-3.0.xsd" version="3.0" name="com.exampletask1.task.services.UserServiceImplTest" time="0.254" tests="7" errors="0" skipped="0" failures="0">
  <properties>
[...]
</properties>
  <testcase name="addUser" classname="com.exampletask1.task.services.UserServiceImplTest" time="0.002">
    <system-out><![CDATA[2024-05-06T04:58:43.749+03:00  INFO 14096 --- [task] [           main] .b.t.c.SpringBootTestContextBootstrapper : Found @SpringBootConfiguration com.exampletask1.task.services.StopConfiguration for test class com.exampletask1.task.services.UserServiceImplTest

  .   ____          _            __ _ _
 /\\ / ___'_ __ _ _(_)_ __  __ _ \ \ \ \
( ( )\___ | '_ | '_| | '_ \/ _` | \ \ \ \
 \\/  ___)| |_)| | | | | || (_| |  ) ) ) )
  '  |____| .__|_| |_|_| |_\__, | / / / /
 =========|_|==============|___/=/_/_/_/
 :: Spring Boot ::                (v3.2.5)

2024-05-06T04:58:43.810+03:00  INFO 14096 --- [task] [           main] c.e.task.services.UserServiceImplTest    : Starting UserServiceImplTest using Java 17.0.10 with PID 14096 (started by kainv in C:\Users\kainv\OneDrive\Рабочий стол\task)
2024-05-06T04:58:43.811+03:00  INFO 14096 --- [task] [           main] c.e.task.services.UserServiceImplTest    : No active profile set, falling back to 1 default profile: "default"
2024-05-06T04:58:43.974+03:00  INFO 14096 --- [task] [           main] c.e.task.services.UserServiceImplTest    : Started UserServiceImplTest in 0.206 seconds (process running for 5.326)
]]></system-out>
  </testcase>
  <testcase name="findUser" classname="com.exampletask1.task.services.UserServiceImplTest" time="0.0"/>
  <testcase name="updateUser" classname="com.exampletask1.task.services.UserServiceImplTest" time="0.001"/>
  <testcase name="getUsersByBirthdayRange" classname="com.exampletask1.task.services.UserServiceImplTest" time="0.002"/>
  <testcase name="updateUserFileds" classname="com.exampletask1.task.services.UserServiceImplTest" time="0.001"/>
  <testcase name="deleteUser" classname="com.exampletask1.task.services.UserServiceImplTest" time="0.001"/>
  <testcase name="getUsers" classname="com.exampletask1.task.services.UserServiceImplTest" time="0.001"/>
</testsuite>